<?xml version="1.0" encoding="UTF-8"?>
<!-- Generated by org.testng.reporters.JUnitReportReporter -->
<testsuite hostname="DESKTOP-QAK2P13" failures="0" tests="12" name="com.fetchr.testcases.CoronaSafetyPageTest" time="174.688" errors="0" timestamp="16 Jul 2021 14:03:26 GMT">
  <testcase classname="com.fetchr.testcases.CoronaSafetyPageTest" name="checkSafetyFacebookIcon" time="11.236"/>
  <testcase classname="com.fetchr.testcases.CoronaSafetyPageTest" name="SafetyLogoCheck" time="13.559"/>
  <testcase classname="com.fetchr.testcases.CoronaSafetyPageTest" name="SafetyLogoCheck" time="10.241"/>
  <testcase classname="com.fetchr.testcases.CoronaSafetyPageTest" name="checkSafetyTwitterIcon" time="10.765"/>
  <testcase classname="com.fetchr.testcases.CoronaSafetyPageTest" name="SafetyswitchLanguageToArabic" time="21.987"/>
  <testcase classname="com.fetchr.testcases.CoronaSafetyPageTest" name="SafetyUrlCheck" time="19.758"/>
  <testcase classname="com.fetchr.testcases.CoronaSafetyPageTest" name="SafetyUrlCheck" time="10.675"/>
  <testcase classname="com.fetchr.testcases.CoronaSafetyPageTest" name="SafetyTitleTest" time="20.573"/>
  <testcase classname="com.fetchr.testcases.CoronaSafetyPageTest" name="checkSafetyFacebookIcon" time="17.473"/>
  <testcase classname="com.fetchr.testcases.CoronaSafetyPageTest" name="checkSafetyTwitterIcon" time="13.979"/>
  <testcase classname="com.fetchr.testcases.CoronaSafetyPageTest" name="SafetyswitchLanguageToArabic" time="13.419"/>
  <testcase classname="com.fetchr.testcases.CoronaSafetyPageTest" name="SafetyTitleTest" time="11.023"/>
</testsuite> <!-- com.fetchr.testcases.CoronaSafetyPageTest -->
